Performing C SOURCE FILE Test CMAKE_HAVE_LIBC_PTHREAD failed with the following output:
Change Dir: /home/culaccino/WorkSpace/VSCodeWorkSpace/comp_arch/lab1/build/CMakeFiles/CMakeTmp

Run Build Command(s):/usr/bin/make cmTC_54e7b/fast && /usr/bin/make -f CMakeFiles/cmTC_54e7b.dir/build.make CMakeFiles/cmTC_54e7b.dir/build
make[1]: 进入目录“/home/culaccino/WorkSpace/VSCodeWorkSpace/comp_arch/lab1/build/CMakeFiles/CMakeTmp”
Building C object CMakeFiles/cmTC_54e7b.dir/src.c.o
/usr/bin/gcc   -DCMAKE_HAVE_LIBC_PTHREAD   -o CMakeFiles/cmTC_54e7b.dir/src.c.o   -c /home/culaccino/WorkSpace/VSCodeWorkSpace/comp_arch/lab1/build/CMakeFiles/CMakeTmp/src.c
Linking C executable cmTC_54e7b
/usr/bin/cmake -E cmake_link_script CMakeFiles/cmTC_54e7b.dir/link.txt --verbose=1
/usr/bin/gcc  -DCMAKE_HAVE_LIBC_PTHREAD    CMakeFiles/cmTC_54e7b.dir/src.c.o  -o cmTC_54e7b 
/usr/bin/ld: CMakeFiles/cmTC_54e7b.dir/src.c.o: in function `main':
src.c:(.text+0x46): undefined reference to `pthread_create'
/usr/bin/ld: src.c:(.text+0x52): undefined reference to `pthread_detach'
/usr/bin/ld: src.c:(.text+0x63): undefined reference to `pthread_join'
collect2: error: ld returned 1 exit status
make[1]: *** [CMakeFiles/cmTC_54e7b.dir/build.make:87：cmTC_54e7b] 错误 1
make[1]: 离开目录“/home/culaccino/WorkSpace/VSCodeWorkSpace/comp_arch/lab1/build/CMakeFiles/CMakeTmp”
make: *** [Makefile:121：cmTC_54e7b/fast] 错误 2


Source file was:
#include <pthread.h>

void* test_func(void* data)
{
  return data;
}

int main(void)
{
  pthread_t thread;
  pthread_create(&thread, NULL, test_func, NULL);
  pthread_detach(thread);
  pthread_join(thread, NULL);
  pthread_atfork(NULL, NULL, NULL);
  pthread_exit(NULL);

  return 0;
}

Determining if the function pthread_create exists in the pthreads failed with the following output:
Change Dir: /home/culaccino/WorkSpace/VSCodeWorkSpace/comp_arch/lab1/build/CMakeFiles/CMakeTmp

Run Build Command(s):/usr/bin/make cmTC_33538/fast && /usr/bin/make -f CMakeFiles/cmTC_33538.dir/build.make CMakeFiles/cmTC_33538.dir/build
make[1]: 进入目录“/home/culaccino/WorkSpace/VSCodeWorkSpace/comp_arch/lab1/build/CMakeFiles/CMakeTmp”
Building C object CMakeFiles/cmTC_33538.dir/CheckFunctionExists.c.o
/usr/bin/gcc   -DCHECK_FUNCTION_EXISTS=pthread_create   -o CMakeFiles/cmTC_33538.dir/CheckFunctionExists.c.o   -c /usr/share/cmake-3.16/Modules/CheckFunctionExists.c
Linking C executable cmTC_33538
/usr/bin/cmake -E cmake_link_script CMakeFiles/cmTC_33538.dir/link.txt --verbose=1
/usr/bin/gcc  -DCHECK_FUNCTION_EXISTS=pthread_create    CMakeFiles/cmTC_33538.dir/CheckFunctionExists.c.o  -o cmTC_33538  -lpthreads 
/usr/bin/ld: 找不到 -lpthreads
collect2: error: ld returned 1 exit status
make[1]: *** [CMakeFiles/cmTC_33538.dir/build.make:87：cmTC_33538] 错误 1
make[1]: 离开目录“/home/culaccino/WorkSpace/VSCodeWorkSpace/comp_arch/lab1/build/CMakeFiles/CMakeTmp”
make: *** [Makefile:121：cmTC_33538/fast] 错误 2



